#0 building with "default" instance using docker driver

#1 [internal] load build definition from Dockerfile
#1 transferring dockerfile: 410B 0.0s done
#1 DONE 0.1s

#2 [auth] library/node:pull token for registry-1.docker.io
#2 DONE 0.0s

#3 [auth] library/nginx:pull token for registry-1.docker.io
#3 DONE 0.0s

#4 [internal] load metadata for docker.io/library/node:18
#4 ...

#5 [internal] load metadata for docker.io/library/nginx:alpine
#5 DONE 2.3s

#4 [internal] load metadata for docker.io/library/node:18
#4 DONE 2.3s

#6 [internal] load .dockerignore
#6 transferring context: 117B 0.0s done
#6 DONE 0.1s

#7 [internal] load build context
#7 DONE 0.0s

#8 [build 1/6] FROM docker.io/library/node:18@sha256:c6ae79e38498325db67193d391e6ec1d224d96c693a8a4d943498556716d3783
#8 resolve docker.io/library/node:18@sha256:c6ae79e38498325db67193d391e6ec1d224d96c693a8a4d943498556716d3783 0.1s done
#8 DONE 0.1s

#9 [build 2/6] WORKDIR /app
#9 CACHED

#10 [stage-1 1/3] FROM docker.io/library/nginx:alpine@sha256:b3c656d55d7ad751196f21b7fd2e8d4da9cb430e32f646adcf92441b72f82b14
#10 resolve docker.io/library/nginx:alpine@sha256:b3c656d55d7ad751196f21b7fd2e8d4da9cb430e32f646adcf92441b72f82b14 0.1s done
#10 CACHED

#7 [internal] load build context
#7 transferring context: 1.70kB 0.2s done
#7 DONE 0.2s

#11 [stage-1 2/3] COPY nginx.conf /etc/nginx/conf.d/default.conf
#11 DONE 0.1s

#12 [build 3/6] COPY package*.json ./
#12 DONE 0.1s

#13 [build 4/6] RUN npm install
#13 5.173 npm warn deprecated w3c-hr-time@1.0.2: Use your platform's native performance.now() and performance.timeOrigin.
#13 5.742 npm warn deprecated svgo@1.3.2: This SVGO version is no longer supported. Upgrade to v2.x.x.
#13 5.850 npm warn deprecated stable@0.1.8: Modern JS already guarantees Array#sort() is a stable sort, so this library is deprecated. See the compatibility table on MDN: https://developer.mozilla.org/en-US/docs/Web/JavaScript/Reference/Global_Objects/Array/sort#browser_compatibility
#13 5.937 npm warn deprecated sourcemap-codec@1.4.8: Please use @jridgewell/sourcemap-codec instead
#13 6.298 npm warn deprecated rollup-plugin-terser@7.0.2: This package has been deprecated and is no longer maintained. Please use @rollup/plugin-terser
#13 28.05 
#13 28.05 added 1518 packages, and audited 1519 packages in 28s
#13 28.05 
#13 28.05 257 packages are looking for funding
#13 28.05   run `npm fund` for details
#13 28.05 
#13 28.05 12 vulnerabilities (5 moderate, 7 high)
#13 28.05 
#13 28.05 To address issues that do not require attention, run:
#13 28.05   npm audit fix
#13 28.05 
#13 28.05 To address all issues (including breaking changes), run:
#13 28.05   npm audit fix --force
#13 28.05 
#13 28.05 Run `npm audit` for details.
#13 28.06 npm notice
#13 28.06 npm notice New major version of npm available! 10.8.2 -> 11.6.4
#13 28.06 npm notice Changelog: https://github.com/npm/cli/releases/tag/v11.6.4
#13 28.06 npm notice To update run: npm install -g npm@11.6.4
#13 28.06 npm notice
#13 DONE 29.6s

#14 [build 5/6] COPY . .
#14 DONE 0.8s

#15 [build 6/6] RUN npm run build
#15 0.447 
#15 0.447 > bms@0.1.0 build
#15 0.447 > react-scripts build
#15 0.447 
#15 1.588 Creating an optimized production build...
#15 19.45 Compiled with warnings.
#15 19.45 
#15 19.45 [eslint] 
#15 19.45 src/App.js
#15 19.45   Line 6:8:  'Bookings' is defined but never used  no-unused-vars
#15 19.45 
#15 19.45 src/components/Bookings.js
#15 19.45   Line 15:11:  'token' is assigned a value but never used                                                                    no-unused-vars
#15 19.45   Line 27:38:  React Hook useEffect has a missing dependency: 'getMovie'. Either include it or remove the dependency array   react-hooks/exhaustive-deps
#15 19.45   Line 31:18:  'theaterNames' is assigned a value but never used                                                             no-unused-vars
#15 19.45   Line 31:65:  Expected '===' and instead saw '=='                                                                           eqeqeq
#15 19.45   Line 35:12:  React Hook useEffect has a missing dependency: 'theaterId'. Either include it or remove the dependency array  react-hooks/exhaustive-deps
#15 19.45 
#15 19.45 src/components/Login.js
#15 19.45   Line 15:10:  'apiUrl' is defined but never used       no-unused-vars
#15 19.45   Line 15:18:  'AUTH_SIGNIN' is defined but never used  no-unused-vars
#15 19.45 
#15 19.45 src/components/Movie.js
#15 19.45   Line 105:4:  React Hook useEffect has missing dependencies: 'getMovie' and 'getShows'. Either include them or remove the dependency array  react-hooks/exhaustive-deps
#15 19.45 
#15 19.45 src/components/Movies.js
#15 19.45   Line 51:4:  React Hook useEffect has missing dependencies: 'CACHE_TTL_MS', 'moviesCache.data', 'moviesCache.fetchedAt', and 'setMoviesCache'. Either include them or remove the dependency array  react-hooks/exhaustive-deps
#15 19.45 
#15 19.45 src/components/MyBookings.js
#15 19.45   Line 21:7:  'SEATS_PER_ROW' is assigned a value but never used                                                               no-unused-vars
#15 19.45   Line 22:7:  'ROWS_COUNT' is assigned a value but never used                                                                  no-unused-vars
#15 19.45   Line 96:6:  React Hook useCallback has a missing dependency: 'createdMap'. Either include it or remove the dependency array  react-hooks/exhaustive-deps
#15 19.45 
#15 19.45 src/components/NavBar.js
#15 19.45   Line 12:8:  'Link' is defined but never used  no-unused-vars
#15 19.45 
#15 19.45 src/components/Payment.js
#15 19.45   Line 20:16:  'setShow' is assigned a value but never used  no-unused-vars
#15 19.45 
#15 19.45 src/components/Signup.js
#15 19.45   Line 15:10:  'apiUrl' is defined but never used       no-unused-vars
#15 19.45   Line 15:18:  'AUTH_SIGNUP' is defined but never used  no-unused-vars
#15 19.45 
#15 19.45 Search for the keywords to learn more about each warning.
#15 19.45 To ignore, add // eslint-disable-next-line to the line before.
#15 19.45 
#15 19.45 File sizes after gzip:
#15 19.45 
#15 19.47   215.64 kB  build/static/js/main.16726a47.js
#15 19.47   4.34 kB    build/static/css/main.3fbeff23.css
#15 19.47 
#15 19.47 The project was built assuming it is hosted at /.
#15 19.47 You can control this with the homepage field in your package.json.
#15 19.47 
#15 19.47 The build folder is ready to be deployed.
#15 19.47 You may serve it with a static server:
#15 19.47 
#15 19.47   npm install -g serve
#15 19.47   serve -s build
#15 19.47 
#15 19.47 Find out more about deployment here:
#15 19.47 
#15 19.47   https://cra.link/deployment
#15 19.47 
#15 DONE 19.6s

#16 [stage-1 3/3] COPY --from=build /app/build /usr/share/nginx/html
#16 DONE 0.1s

#17 exporting to image
#17 exporting layers
#17 exporting layers 0.4s done
#17 exporting manifest sha256:966ee81bf90cfdb1883a67caec90d8fc00d83754b3e937fe1a67e0c4f8de35cc 0.0s done
#17 exporting config sha256:feeea1971de596d13d53cf104a0e8e48679234b50d5fbc093a272a04bdc3adf5 0.0s done
#17 exporting attestation manifest sha256:471103d12c42b2c5dceaf365823010e92a1fc100bdda4ef9e27f05929cc4c8af 0.1s done
#17 exporting manifest list sha256:e1d3069ab429d1d17f5bb06421c9c4a12eef2d14bdf7bc47587412f7627a240e
#17 exporting manifest list sha256:e1d3069ab429d1d17f5bb06421c9c4a12eef2d14bdf7bc47587412f7627a240e 0.0s done
#17 naming to docker.io/library/debug-image:latest done
#17 unpacking to docker.io/library/debug-image:latest
#17 unpacking to docker.io/library/debug-image:latest 0.3s done
#17 DONE 0.9s
